Flow report for Computer
Wed May 16 00:47:58 2018
Quartus II Version 9.1 Build 222 10/21/2009 SJ Web Edition


---------------------
; Table of Contents ;
---------------------
  1. Legal Notice
  2. Flow Summary
  3. Flow Settings
  4. Flow Non-Default Global Settings
  5. Flow Elapsed Time
  6. Flow OS Summary
  7. Flow Log



----------------
; Legal Notice ;
----------------
Copyright (C) 1991-2009 Altera Corporation
Your use of Altera Corporation's design tools, logic functions 
and other software and tools, and its AMPP partner logic 
functions, and any output files from any of the foregoing 
(including device programming or simulation files), and any 
associated documentation or information are expressly subject 
to the terms and conditions of the Altera Program License 
Subscription Agreement, Altera MegaCore Function License 
Agreement, or other applicable license agreement, including, 
without limitation, that your use is for the sole purpose of 
programming logic devices manufactured by Altera and sold by 
Altera or its authorized distributors.  Please refer to the 
applicable agreement for further details.



+-------------------------------------------------------------------------+
; Flow Summary                                                            ;
+-------------------------------+-----------------------------------------+
; Flow Status                   ; Successful - Wed May 16 00:47:57 2018   ;
; Quartus II Version            ; 9.1 Build 222 10/21/2009 SJ Web Edition ;
; Revision Name                 ; Computer                                ;
; Top-level Entity Name         ; Computer                                ;
; Family                        ; Stratix III                             ;
; Met timing requirements       ; N/A                                     ;
; Logic utilization             ; N/A                                     ;
;     Combinational ALUTs       ; 349                                     ;
;     Memory ALUTs              ; 0                                       ;
;     Dedicated logic registers ; 308                                     ;
; Total registers               ; 308                                     ;
; Total pins                    ; 174                                     ;
; Total virtual pins            ; 0                                       ;
; Total block memory bits       ; 196,672                                 ;
; DSP block 18-bit elements     ; 0                                       ;
; Total PLLs                    ; 0                                       ;
; Total DLLs                    ; 0                                       ;
+-------------------------------+-----------------------------------------+


+-----------------------------------------+
; Flow Settings                           ;
+-------------------+---------------------+
; Option            ; Setting             ;
+-------------------+---------------------+
; Start date & time ; 05/16/2018 00:47:38 ;
; Main task         ; Compilation         ;
; Revision Name     ; Computer            ;
+-------------------+---------------------+


+--------------------------------------------------------------------------------------------------------------------+
; Flow Non-Default Global Settings                                                                                   ;
+------------------------------------+--------------------------------+---------------+-------------+----------------+
; Assignment Name                    ; Value                          ; Default Value ; Entity Name ; Section Id     ;
+------------------------------------+--------------------------------+---------------+-------------+----------------+
; COMPILER_SIGNATURE_ID              ; 46580532445699.152642445707716 ; --            ; --          ; --             ;
; IP_TOOL_NAME                       ; LPM_COUNTER                    ; --            ; --          ; --             ;
; IP_TOOL_NAME                       ; LPM_RAM_DQ                     ; --            ; --          ; --             ;
; IP_TOOL_NAME                       ; LPM_COUNTER                    ; --            ; --          ; --             ;
; IP_TOOL_NAME                       ; LPM_COUNTER                    ; --            ; --          ; --             ;
; IP_TOOL_NAME                       ; LPM_CONSTANT                   ; --            ; --          ; --             ;
; IP_TOOL_NAME                       ; LPM_COMPARE                    ; --            ; --          ; --             ;
; IP_TOOL_NAME                       ; LPM_XOR                        ; --            ; --          ; --             ;
; IP_TOOL_NAME                       ; LPM_OR                         ; --            ; --          ; --             ;
; IP_TOOL_NAME                       ; LPM_FF                         ; --            ; --          ; --             ;
; IP_TOOL_NAME                       ; LPM_BUSTRI                     ; --            ; --          ; --             ;
; IP_TOOL_NAME                       ; LPM_FF                         ; --            ; --          ; --             ;
; IP_TOOL_NAME                       ; LPM_BUSTRI                     ; --            ; --          ; --             ;
; IP_TOOL_NAME                       ; LPM_OR                         ; --            ; --          ; --             ;
; IP_TOOL_NAME                       ; LPM_INV                        ; --            ; --          ; --             ;
; IP_TOOL_NAME                       ; LPM_BUSTRI                     ; --            ; --          ; --             ;
; IP_TOOL_NAME                       ; LPM_ROM                        ; --            ; --          ; --             ;
; IP_TOOL_NAME                       ; LPM_RAM_DQ                     ; --            ; --          ; --             ;
; IP_TOOL_NAME                       ; LPM_FF                         ; --            ; --          ; --             ;
; IP_TOOL_NAME                       ; LPM_DECODE                     ; --            ; --          ; --             ;
; IP_TOOL_NAME                       ; LPM_MUX                        ; --            ; --          ; --             ;
; IP_TOOL_NAME                       ; LPM_BUSTRI                     ; --            ; --          ; --             ;
; IP_TOOL_NAME                       ; LPM_BUSTRI                     ; --            ; --          ; --             ;
; IP_TOOL_NAME                       ; LPM_BUSTRI                     ; --            ; --          ; --             ;
; IP_TOOL_NAME                       ; LPM_COMPARE                    ; --            ; --          ; --             ;
; IP_TOOL_NAME                       ; LPM_COMPARE                    ; --            ; --          ; --             ;
; IP_TOOL_NAME                       ; LPM_COMPARE                    ; --            ; --          ; --             ;
; IP_TOOL_NAME                       ; LPM_COMPARE                    ; --            ; --          ; --             ;
; IP_TOOL_NAME                       ; LPM_COMPARE                    ; --            ; --          ; --             ;
; IP_TOOL_NAME                       ; LPM_COMPARE                    ; --            ; --          ; --             ;
; IP_TOOL_NAME                       ; LPM_COMPARE                    ; --            ; --          ; --             ;
; IP_TOOL_NAME                       ; LPM_COMPARE                    ; --            ; --          ; --             ;
; IP_TOOL_NAME                       ; LPM_COMPARE                    ; --            ; --          ; --             ;
; IP_TOOL_NAME                       ; LPM_COMPARE                    ; --            ; --          ; --             ;
; IP_TOOL_NAME                       ; LPM_COMPARE                    ; --            ; --          ; --             ;
; IP_TOOL_NAME                       ; LPM_COMPARE                    ; --            ; --          ; --             ;
; IP_TOOL_NAME                       ; LPM_COMPARE                    ; --            ; --          ; --             ;
; IP_TOOL_NAME                       ; LPM_COMPARE                    ; --            ; --          ; --             ;
; IP_TOOL_NAME                       ; LPM_COMPARE                    ; --            ; --          ; --             ;
; IP_TOOL_NAME                       ; LPM_FF                         ; --            ; --          ; --             ;
; IP_TOOL_NAME                       ; LPM_FF                         ; --            ; --          ; --             ;
; IP_TOOL_NAME                       ; LPM_ADD_SUB                    ; --            ; --          ; --             ;
; IP_TOOL_NAME                       ; LPM_COUNTER                    ; --            ; --          ; --             ;
; IP_TOOL_NAME                       ; LPM_BUSTRI                     ; --            ; --          ; --             ;
; IP_TOOL_NAME                       ; LPM_BUSTRI                     ; --            ; --          ; --             ;
; IP_TOOL_NAME                       ; LPM_FF                         ; --            ; --          ; --             ;
; IP_TOOL_NAME                       ; LPM_COUNTER                    ; --            ; --          ; --             ;
; IP_TOOL_NAME                       ; LPM_COMPARE                    ; --            ; --          ; --             ;
; IP_TOOL_NAME                       ; LPM_COMPARE                    ; --            ; --          ; --             ;
; IP_TOOL_NAME                       ; LPM_COMPARE                    ; --            ; --          ; --             ;
; IP_TOOL_NAME                       ; LPM_FF                         ; --            ; --          ; --             ;
; IP_TOOL_NAME                       ; LPM_COMPARE                    ; --            ; --          ; --             ;
; IP_TOOL_NAME                       ; LPM_COMPARE                    ; --            ; --          ; --             ;
; IP_TOOL_NAME                       ; LPM_COMPARE                    ; --            ; --          ; --             ;
; IP_TOOL_NAME                       ; LPM_COMPARE                    ; --            ; --          ; --             ;
; IP_TOOL_NAME                       ; LPM_MUX                        ; --            ; --          ; --             ;
; IP_TOOL_NAME                       ; LPM_MUX                        ; --            ; --          ; --             ;
; IP_TOOL_NAME                       ; LPM_COMPARE                    ; --            ; --          ; --             ;
; IP_TOOL_NAME                       ; LPM_COMPARE                    ; --            ; --          ; --             ;
; IP_TOOL_NAME                       ; LPM_COMPARE                    ; --            ; --          ; --             ;
; IP_TOOL_NAME                       ; LPM_BUSTRI                     ; --            ; --          ; --             ;
; IP_TOOL_NAME                       ; LPM_ADD_SUB                    ; --            ; --          ; --             ;
; IP_TOOL_NAME                       ; LPM_CONSTANT                   ; --            ; --          ; --             ;
; IP_TOOL_NAME                       ; LPM_BUSTRI                     ; --            ; --          ; --             ;
; IP_TOOL_NAME                       ; LPM_MUX                        ; --            ; --          ; --             ;
; IP_TOOL_NAME                       ; LPM_COMPARE                    ; --            ; --          ; --             ;
; IP_TOOL_NAME                       ; LPM_ADD_SUB                    ; --            ; --          ; --             ;
; IP_TOOL_NAME                       ; LPM_COMPARE                    ; --            ; --          ; --             ;
; IP_TOOL_NAME                       ; LPM_FF                         ; --            ; --          ; --             ;
; IP_TOOL_NAME                       ; LPM_MUX                        ; --            ; --          ; --             ;
; IP_TOOL_VERSION                    ; 9.1                            ; --            ; --          ; --             ;
; IP_TOOL_VERSION                    ; 9.1                            ; --            ; --          ; --             ;
; IP_TOOL_VERSION                    ; 9.1                            ; --            ; --          ; --             ;
; IP_TOOL_VERSION                    ; 9.1                            ; --            ; --          ; --             ;
; IP_TOOL_VERSION                    ; 9.1                            ; --            ; --          ; --             ;
; IP_TOOL_VERSION                    ; 9.1                            ; --            ; --          ; --             ;
; IP_TOOL_VERSION                    ; 9.1                            ; --            ; --          ; --             ;
; IP_TOOL_VERSION                    ; 9.1                            ; --            ; --          ; --             ;
; IP_TOOL_VERSION                    ; 9.1                            ; --            ; --          ; --             ;
; IP_TOOL_VERSION                    ; 9.1                            ; --            ; --          ; --             ;
; IP_TOOL_VERSION                    ; 9.1                            ; --            ; --          ; --             ;
; IP_TOOL_VERSION                    ; 9.1                            ; --            ; --          ; --             ;
; IP_TOOL_VERSION                    ; 9.1                            ; --            ; --          ; --             ;
; IP_TOOL_VERSION                    ; 9.1                            ; --            ; --          ; --             ;
; IP_TOOL_VERSION                    ; 9.1                            ; --            ; --          ; --             ;
; IP_TOOL_VERSION                    ; 9.1                            ; --            ; --          ; --             ;
; IP_TOOL_VERSION                    ; 9.1                            ; --            ; --          ; --             ;
; IP_TOOL_VERSION                    ; 9.1                            ; --            ; --          ; --             ;
; IP_TOOL_VERSION                    ; 9.1                            ; --            ; --          ; --             ;
; IP_TOOL_VERSION                    ; 9.1                            ; --            ; --          ; --             ;
; IP_TOOL_VERSION                    ; 9.1                            ; --            ; --          ; --             ;
; IP_TOOL_VERSION                    ; 9.1                            ; --            ; --          ; --             ;
; IP_TOOL_VERSION                    ; 9.1                            ; --            ; --          ; --             ;
; IP_TOOL_VERSION                    ; 9.1                            ; --            ; --          ; --             ;
; IP_TOOL_VERSION                    ; 9.1                            ; --            ; --          ; --             ;
; IP_TOOL_VERSION                    ; 9.1                            ; --            ; --          ; --             ;
; IP_TOOL_VERSION                    ; 9.1                            ; --            ; --          ; --             ;
; IP_TOOL_VERSION                    ; 9.1                            ; --            ; --          ; --             ;
; IP_TOOL_VERSION                    ; 9.1                            ; --            ; --          ; --             ;
; IP_TOOL_VERSION                    ; 9.1                            ; --            ; --          ; --             ;
; IP_TOOL_VERSION                    ; 9.1                            ; --            ; --          ; --             ;
; IP_TOOL_VERSION                    ; 9.1                            ; --            ; --          ; --             ;
; IP_TOOL_VERSION                    ; 9.1                            ; --            ; --          ; --             ;
; IP_TOOL_VERSION                    ; 9.1                            ; --            ; --          ; --             ;
; IP_TOOL_VERSION                    ; 9.1                            ; --            ; --          ; --             ;
; IP_TOOL_VERSION                    ; 9.1                            ; --            ; --          ; --             ;
; IP_TOOL_VERSION                    ; 9.1                            ; --            ; --          ; --             ;
; IP_TOOL_VERSION                    ; 9.1                            ; --            ; --          ; --             ;
; IP_TOOL_VERSION                    ; 9.1                            ; --            ; --          ; --             ;
; IP_TOOL_VERSION                    ; 9.1                            ; --            ; --          ; --             ;
; IP_TOOL_VERSION                    ; 9.1                            ; --            ; --          ; --             ;
; IP_TOOL_VERSION                    ; 9.1                            ; --            ; --          ; --             ;
; IP_TOOL_VERSION                    ; 9.1                            ; --            ; --          ; --             ;
; IP_TOOL_VERSION                    ; 9.1                            ; --            ; --          ; --             ;
; IP_TOOL_VERSION                    ; 9.1                            ; --            ; --          ; --             ;
; IP_TOOL_VERSION                    ; 9.1                            ; --            ; --          ; --             ;
; IP_TOOL_VERSION                    ; 9.1                            ; --            ; --          ; --             ;
; IP_TOOL_VERSION                    ; 9.1                            ; --            ; --          ; --             ;
; IP_TOOL_VERSION                    ; 9.1                            ; --            ; --          ; --             ;
; IP_TOOL_VERSION                    ; 9.1                            ; --            ; --          ; --             ;
; IP_TOOL_VERSION                    ; 9.1                            ; --            ; --          ; --             ;
; IP_TOOL_VERSION                    ; 9.1                            ; --            ; --          ; --             ;
; IP_TOOL_VERSION                    ; 9.1                            ; --            ; --          ; --             ;
; IP_TOOL_VERSION                    ; 9.1                            ; --            ; --          ; --             ;
; IP_TOOL_VERSION                    ; 9.1                            ; --            ; --          ; --             ;
; IP_TOOL_VERSION                    ; 9.1                            ; --            ; --          ; --             ;
; IP_TOOL_VERSION                    ; 9.1                            ; --            ; --          ; --             ;
; IP_TOOL_VERSION                    ; 9.1                            ; --            ; --          ; --             ;
; IP_TOOL_VERSION                    ; 9.1                            ; --            ; --          ; --             ;
; IP_TOOL_VERSION                    ; 9.1                            ; --            ; --          ; --             ;
; IP_TOOL_VERSION                    ; 9.1                            ; --            ; --          ; --             ;
; IP_TOOL_VERSION                    ; 9.1                            ; --            ; --          ; --             ;
; IP_TOOL_VERSION                    ; 9.1                            ; --            ; --          ; --             ;
; IP_TOOL_VERSION                    ; 9.1                            ; --            ; --          ; --             ;
; IP_TOOL_VERSION                    ; 9.1                            ; --            ; --          ; --             ;
; IP_TOOL_VERSION                    ; 9.1                            ; --            ; --          ; --             ;
; IP_TOOL_VERSION                    ; 9.1                            ; --            ; --          ; --             ;
; IP_TOOL_VERSION                    ; 9.1                            ; --            ; --          ; --             ;
; IP_TOOL_VERSION                    ; 9.1                            ; --            ; --          ; --             ;
; MISC_FILE                          ; stack_counter.bsf              ; --            ; --          ; --             ;
; MISC_FILE                          ; stack_counter.cmp              ; --            ; --          ; --             ;
; MISC_FILE                          ; stack_ram.bsf                  ; --            ; --          ; --             ;
; MISC_FILE                          ; stack_ram.cmp                  ; --            ; --          ; --             ;
; MISC_FILE                          ; stack_latch_counter.bsf        ; --            ; --          ; --             ;
; MISC_FILE                          ; stack_latch_counter.cmp        ; --            ; --          ; --             ;
; MISC_FILE                          ; stack_ovetflow_counter.bsf     ; --            ; --          ; --             ;
; MISC_FILE                          ; stack_ovetflow_counter.cmp     ; --            ; --          ; --             ;
; MISC_FILE                          ; stack_default_constant.bsf     ; --            ; --          ; --             ;
; MISC_FILE                          ; stack_default_constant.cmp     ; --            ; --          ; --             ;
; MISC_FILE                          ; stack_overflow_compare.bsf     ; --            ; --          ; --             ;
; MISC_FILE                          ; stack_overflow_compare.cmp     ; --            ; --          ; --             ;
; MISC_FILE                          ; alu_cmp_xor.bsf                ; --            ; --          ; --             ;
; MISC_FILE                          ; alu_cmp_xor.cmp                ; --            ; --          ; --             ;
; MISC_FILE                          ; alu_cmp_or.bsf                 ; --            ; --          ; --             ;
; MISC_FILE                          ; alu_cmp_or.cmp                 ; --            ; --          ; --             ;
; MISC_FILE                          ; alu_reg.bsf                    ; --            ; --          ; --             ;
; MISC_FILE                          ; alu_reg.cmp                    ; --            ; --          ; --             ;
; MISC_FILE                          ; alu_bustri.bsf                 ; --            ; --          ; --             ;
; MISC_FILE                          ; alu_bustri.cmp                 ; --            ; --          ; --             ;
; MISC_FILE                          ; alu_reg_flag.bsf               ; --            ; --          ; --             ;
; MISC_FILE                          ; alu_reg_flag.cmp               ; --            ; --          ; --             ;
; MISC_FILE                          ; alu_bustri_flag.bsf            ; --            ; --          ; --             ;
; MISC_FILE                          ; alu_bustri_flag.cmp            ; --            ; --          ; --             ;
; MISC_FILE                          ; alu_nor_or.bsf                 ; --            ; --          ; --             ;
; MISC_FILE                          ; alu_nor_or.cmp                 ; --            ; --          ; --             ;
; MISC_FILE                          ; alu_nor_inv.bsf                ; --            ; --          ; --             ;
; MISC_FILE                          ; alu_nor_inv.cmp                ; --            ; --          ; --             ;
; MISC_FILE                          ; srl_bustri.bsf                 ; --            ; --          ; --             ;
; MISC_FILE                          ; srl_bustri.cmp                 ; --            ; --          ; --             ;
; MISC_FILE                          ; rom_lpm_rom.bsf                ; --            ; --          ; --             ;
; MISC_FILE                          ; rom_lpm_rom.cmp                ; --            ; --          ; --             ;
; MISC_FILE                          ; ram_lpm_ram.bsf                ; --            ; --          ; --             ;
; MISC_FILE                          ; ram_lpm_ram.cmp                ; --            ; --          ; --             ;
; MISC_FILE                          ; reg_dff.bsf                    ; --            ; --          ; --             ;
; MISC_FILE                          ; reg_dff.cmp                    ; --            ; --          ; --             ;
; MISC_FILE                          ; lpm_reg_decode.bsf             ; --            ; --          ; --             ;
; MISC_FILE                          ; lpm_reg_decode.cmp             ; --            ; --          ; --             ;
; MISC_FILE                          ; lpm_reg_out_mux.bsf            ; --            ; --          ; --             ;
; MISC_FILE                          ; lpm_reg_out_mux.cmp            ; --            ; --          ; --             ;
; MISC_FILE                          ; lpm_reg_out_bustri.bsf         ; --            ; --          ; --             ;
; MISC_FILE                          ; lpm_reg_out_bustri.cmp         ; --            ; --          ; --             ;
; MISC_FILE                          ; lpm_stack_out_bustri.bsf       ; --            ; --          ; --             ;
; MISC_FILE                          ; lpm_stack_out_bustri.cmp       ; --            ; --          ; --             ;
; MISC_FILE                          ; lpm_stack_flag_bustri.bsf      ; --            ; --          ; --             ;
; MISC_FILE                          ; lpm_stack_flag_bustri.cmp      ; --            ; --          ; --             ;
; MISC_FILE                          ; comp_mov_r_m.bsf               ; --            ; --          ; --             ;
; MISC_FILE                          ; comp_mov_r_m.cmp               ; --            ; --          ; --             ;
; MISC_FILE                          ; comp_mov_m_r.bsf               ; --            ; --          ; --             ;
; MISC_FILE                          ; comp_mov_m_r.cmp               ; --            ; --          ; --             ;
; MISC_FILE                          ; comp_pop_reg.bsf               ; --            ; --          ; --             ;
; MISC_FILE                          ; comp_pop_reg.cmp               ; --            ; --          ; --             ;
; MISC_FILE                          ; comp_jmp_m.bsf                 ; --            ; --          ; --             ;
; MISC_FILE                          ; comp_jmp_m.cmp                 ; --            ; --          ; --             ;
; MISC_FILE                          ; comp_jns_m.bsf                 ; --            ; --          ; --             ;
; MISC_FILE                          ; comp_jns_m.cmp                 ; --            ; --          ; --             ;
; MISC_FILE                          ; comp_hlt.bsf                   ; --            ; --          ; --             ;
; MISC_FILE                          ; comp_hlt.cmp                   ; --            ; --          ; --             ;
; MISC_FILE                          ; comp_cmp_r_r.bsf               ; --            ; --          ; --             ;
; MISC_FILE                          ; comp_cmp_r_r.cmp               ; --            ; --          ; --             ;
; MISC_FILE                          ; comp_nor_r_r.bsf               ; --            ; --          ; --             ;
; MISC_FILE                          ; comp_nor_r_r.cmp               ; --            ; --          ; --             ;
; MISC_FILE                          ; comp_xor_r_r.bsf               ; --            ; --          ; --             ;
; MISC_FILE                          ; comp_xor_r_r.cmp               ; --            ; --          ; --             ;
; MISC_FILE                          ; comp_srl_r_r.bsf               ; --            ; --          ; --             ;
; MISC_FILE                          ; comp_srl_r_r.cmp               ; --            ; --          ; --             ;
; MISC_FILE                          ; comp_cmp_r_cr.bsf              ; --            ; --          ; --             ;
; MISC_FILE                          ; comp_cmp_r_cr.cmp              ; --            ; --          ; --             ;
; MISC_FILE                          ; comp_nor_r_cr.bsf              ; --            ; --          ; --             ;
; MISC_FILE                          ; comp_nor_r_cr.cmp              ; --            ; --          ; --             ;
; MISC_FILE                          ; comp_xor_r_cr.bsf              ; --            ; --          ; --             ;
; MISC_FILE                          ; comp_xor_r_cr.cmp              ; --            ; --          ; --             ;
; MISC_FILE                          ; comp_srl_cr_r.bsf              ; --            ; --          ; --             ;
; MISC_FILE                          ; comp_srl_cr_r.cmp              ; --            ; --          ; --             ;
; MISC_FILE                          ; comp_mov_r_cr.bsf              ; --            ; --          ; --             ;
; MISC_FILE                          ; comp_mov_r_cr.cmp              ; --            ; --          ; --             ;
; MISC_FILE                          ; ir_dff.bsf                     ; --            ; --          ; --             ;
; MISC_FILE                          ; ir_dff.cmp                     ; --            ; --          ; --             ;
; MISC_FILE                          ; ip_dff.bsf                     ; --            ; --          ; --             ;
; MISC_FILE                          ; ip_dff.cmp                     ; --            ; --          ; --             ;
; MISC_FILE                          ; ip_add.bsf                     ; --            ; --          ; --             ;
; MISC_FILE                          ; ip_add.cmp                     ; --            ; --          ; --             ;
; MISC_FILE                          ; mem_rom_counter.bsf            ; --            ; --          ; --             ;
; MISC_FILE                          ; mem_rom_counter.cmp            ; --            ; --          ; --             ;
; MISC_FILE                          ; mem_bustri.bsf                 ; --            ; --          ; --             ;
; MISC_FILE                          ; mem_bustri.cmp                 ; --            ; --          ; --             ;
; MISC_FILE                          ; pc_bustri.bsf                  ; --            ; --          ; --             ;
; MISC_FILE                          ; pc_bustri.cmp                  ; --            ; --          ; --             ;
; MISC_FILE                          ; cur_ip_dff.bsf                 ; --            ; --          ; --             ;
; MISC_FILE                          ; cur_ip_dff.cmp                 ; --            ; --          ; --             ;
; MISC_FILE                          ; cpu_cu_counter.bsf             ; --            ; --          ; --             ;
; MISC_FILE                          ; cpu_cu_counter.cmp             ; --            ; --          ; --             ;
; MISC_FILE                          ; cu_comp_0.bsf                  ; --            ; --          ; --             ;
; MISC_FILE                          ; cu_comp_0.cmp                  ; --            ; --          ; --             ;
; MISC_FILE                          ; cu_comp_2.bsf                  ; --            ; --          ; --             ;
; MISC_FILE                          ; cu_comp_2.cmp                  ; --            ; --          ; --             ;
; MISC_FILE                          ; cu_comp_3.bsf                  ; --            ; --          ; --             ;
; MISC_FILE                          ; cu_comp_3.cmp                  ; --            ; --          ; --             ;
; MISC_FILE                          ; cpu_op_reg.bsf                 ; --            ; --          ; --             ;
; MISC_FILE                          ; cpu_op_reg.cmp                 ; --            ; --          ; --             ;
; MISC_FILE                          ; cu_comp_4.bsf                  ; --            ; --          ; --             ;
; MISC_FILE                          ; cu_comp_4.cmp                  ; --            ; --          ; --             ;
; MISC_FILE                          ; cu_comp_5.bsf                  ; --            ; --          ; --             ;
; MISC_FILE                          ; cu_comp_5.cmp                  ; --            ; --          ; --             ;
; MISC_FILE                          ; cu_comp_6.bsf                  ; --            ; --          ; --             ;
; MISC_FILE                          ; cu_comp_6.cmp                  ; --            ; --          ; --             ;
; MISC_FILE                          ; cu_comp_7.bsf                  ; --            ; --          ; --             ;
; MISC_FILE                          ; cu_comp_7.cmp                  ; --            ; --          ; --             ;
; MISC_FILE                          ; out_address_mux.bsf            ; --            ; --          ; --             ;
; MISC_FILE                          ; out_address_mux.cmp            ; --            ; --          ; --             ;
; MISC_FILE                          ; rom_ram_out_mux.bsf            ; --            ; --          ; --             ;
; MISC_FILE                          ; rom_ram_out_mux.cmp            ; --            ; --          ; --             ;
; MISC_FILE                          ; cu_comp_9.bsf                  ; --            ; --          ; --             ;
; MISC_FILE                          ; cu_comp_9.cmp                  ; --            ; --          ; --             ;
; MISC_FILE                          ; cu_comp_A.bsf                  ; --            ; --          ; --             ;
; MISC_FILE                          ; cu_comp_A.cmp                  ; --            ; --          ; --             ;
; MISC_FILE                          ; cu_comp_C.bsf                  ; --            ; --          ; --             ;
; MISC_FILE                          ; cu_comp_C.cmp                  ; --            ; --          ; --             ;
; MISC_FILE                          ; registers_in_bustri.bsf        ; --            ; --          ; --             ;
; MISC_FILE                          ; registers_in_bustri.cmp        ; --            ; --          ; --             ;
; MISC_FILE                          ; cpu_op_add.bsf                 ; --            ; --          ; --             ;
; MISC_FILE                          ; cpu_op_add.cmp                 ; --            ; --          ; --             ;
; MISC_FILE                          ; cpu_offset_const.bsf           ; --            ; --          ; --             ;
; MISC_FILE                          ; cpu_offset_const.cmp           ; --            ; --          ; --             ;
; MISC_FILE                          ; cpu_off_bustri.bsf             ; --            ; --          ; --             ;
; MISC_FILE                          ; cpu_off_bustri.cmp             ; --            ; --          ; --             ;
; MISC_FILE                          ; r_w_out_mux.bsf                ; --            ; --          ; --             ;
; MISC_FILE                          ; r_w_out_mux.cmp                ; --            ; --          ; --             ;
; MISC_FILE                          ; cu_comp_stack.bsf              ; --            ; --          ; --             ;
; MISC_FILE                          ; cu_comp_stack.cmp              ; --            ; --          ; --             ;
; MISC_FILE                          ; alu_cmp_sub.bsf                ; --            ; --          ; --             ;
; MISC_FILE                          ; alu_cmp_sub.cmp                ; --            ; --          ; --             ;
; MISC_FILE                          ; alu_cmp_comp.bsf               ; --            ; --          ; --             ;
; MISC_FILE                          ; alu_cmp_comp.cmp               ; --            ; --          ; --             ;
; MISC_FILE                          ; fl_dff.bsf                     ; --            ; --          ; --             ;
; MISC_FILE                          ; fl_dff.cmp                     ; --            ; --          ; --             ;
; MISC_FILE                          ; in_reg_mux.bsf                 ; --            ; --          ; --             ;
; MISC_FILE                          ; in_reg_mux.cmp                 ; --            ; --          ; --             ;
; PARTITION_COLOR                    ; 16764057                       ; --            ; --          ; Top            ;
; PARTITION_NETLIST_TYPE             ; SOURCE                         ; --            ; --          ; Top            ;
; USE_GENERATED_PHYSICAL_CONSTRAINTS ; Off                            ; --            ; --          ; eda_blast_fpga ;
; USE_TIMEQUEST_TIMING_ANALYZER      ; Off                            ; On            ; --          ; --             ;
+------------------------------------+--------------------------------+---------------+-------------+----------------+


+--------------------------------------------------------------------------------------------------------------------------+
; Flow Elapsed Time                                                                                                        ;
+----------------------+--------------+-------------------------+---------------------+------------------------------------+
; Module Name          ; Elapsed Time ; Average Processors Used ; Peak Virtual Memory ; Total CPU Time (on all processors) ;
+----------------------+--------------+-------------------------+---------------------+------------------------------------+
; Analysis & Synthesis ; 00:00:20     ; 1.0                     ; 242 MB              ; 00:00:20                           ;
; Total                ; 00:00:20     ; --                      ; --                  ; 00:00:20                           ;
+----------------------+--------------+-------------------------+---------------------+------------------------------------+


+---------------------------------------------------------------------------------------+
; Flow OS Summary                                                                       ;
+----------------------+------------------+---------------+------------+----------------+
; Module Name          ; Machine Hostname ; OS Name       ; OS Version ; Processor type ;
+----------------------+------------------+---------------+------------+----------------+
; Analysis & Synthesis ; qwert            ; Windows Vista ; 6.1        ; i686           ;
+----------------------+------------------+---------------+------------+----------------+


------------
; Flow Log ;
------------
quartus_map --read_settings_files=on --write_settings_files=off Computer -c Computer



